[DEBUG][feed.go:26] 2023/10/17 10:30:46 [tokennnnnnnnnnnnnnnnnn]
[FATAL][redis.go:114] 2023/10/17 10:30:46 [Token不存在]
[DEBUG][feed.go:32] 2023/10/17 10:30:46 [user not exist]
[DEBUG][video.go:51] 2023/10/17 10:30:46 [2023-10-17 10:30:46.104291976 +0800 CST m=+11.431423006 上一次时间]
[DEBUG][video.go:60] 2023/10/17 10:30:46 [no videos]
[DEBUG][like.go:60] 2023/10/17 10:30:57 [likeList []]
[DEBUG][video.go:111] 2023/10/17 10:31:29 [public/f264d5d5-dba2-4411-873e-286e7f0e6d1b-2023-10-17 10:31:14.007337034 +0800 CST m=+39.334468080CMP_cover.jpg]
[DEBUG][like.go:60] 2023/10/17 10:31:54 [likeList []]
[DEBUG][video.go:51] 2023/10/17 10:31:56 [2023-10-17 10:30:46 +0800 CST 上一次时间]
[DEBUG][video.go:60] 2023/10/17 10:31:56 [no videos]
[DEBUG][video.go:111] 2023/10/17 10:31:57 [public/2c7e3c58-4473-4b56-8a7a-411983db8b5b-2023-10-17 10:31:40.901823845 +0800 CST m=+66.228954896CMP_cover.jpg]
[DEBUG][video.go:51] 2023/10/17 10:31:59 [2023-10-17 10:31:56 +0800 CST 上一次时间]
[DEBUG][like.go:60] 2023/10/17 10:32:00 [likeList []]
[DEBUG][video.go:51] 2023/10/17 10:32:00 [2023-10-17 10:31:57 +0800 CST 上一次时间]
[DEBUG][like.go:60] 2023/10/17 10:32:00 [likeList []]
[DEBUG][video.go:51] 2023/10/17 10:32:00 [2023-10-17 10:31:57 +0800 CST 上一次时间]
[DEBUG][video.go:51] 2023/10/17 10:32:19 [2023-10-17 10:31:57 +0800 CST 上一次时间]
[DEBUG][like.go:60] 2023/10/17 10:32:20 [likeList []]
[DEBUG][video.go:51] 2023/10/17 10:32:20 [2023-10-17 10:31:57 +0800 CST 上一次时间]
[DEBUG][like.go:60] 2023/10/17 10:32:20 [likeList []]
[DEBUG][video.go:51] 2023/10/17 10:32:20 [2023-10-17 10:31:57 +0800 CST 上一次时间]
[DEBUG][video.go:111] 2023/10/17 10:32:30 [public/84ab2743-d889-4dc5-aba4-dd95264955b4-2023-10-17 10:32:28.833193216 +0800 CST m=+114.160324257CMP_cover.jpg]
[DEBUG][video.go:111] 2023/10/17 10:32:37 [public/b1f637ab-34d1-48f9-b32d-5a9115f482a7-2023-10-17 10:32:35.623106971 +0800 CST m=+120.950238035CMP_cover.jpg]
[DEBUG][video.go:51] 2023/10/17 10:32:39 [2023-10-17 10:31:57 +0800 CST 上一次时间]
[DEBUG][like.go:60] 2023/10/17 10:32:40 [likeList []]
[DEBUG][video.go:51] 2023/10/17 10:32:40 [2023-10-17 10:31:57 +0800 CST 上一次时间]
[DEBUG][like.go:60] 2023/10/17 10:33:50 [likeList []]
[DEBUG][video.go:51] 2023/10/17 10:33:50 [2023-10-17 10:31:57 +0800 CST 上一次时间]
[DEBUG][like.go:60] 2023/10/17 10:33:52 [likeList []]
[DEBUG][video.go:51] 2023/10/17 10:35:39 [2023-10-17 10:35:39.387658272 +0800 CST m=+304.714789293 上一次时间]
[DEBUG][like.go:60] 2023/10/17 10:35:39 [likeList []]
[DEBUG][video.go:51] 2023/10/17 10:35:39 [2023-10-17 10:31:57 +0800 CST 上一次时间]
[DEBUG][like.go:50] 2023/10/17 10:35:41 [执行点赞操作]
[DEBUG][like.go:84] 2023/10/17 10:35:42 [执行取消点赞操作]
[DEBUG][video.go:51] 2023/10/17 10:35:43 [2023-10-17 10:31:57 +0800 CST 上一次时间]
[DEBUG][like.go:60] 2023/10/17 10:35:44 [likeList []]
[DEBUG][video.go:51] 2023/10/17 10:35:44 [2023-10-17 10:31:57 +0800 CST 上一次时间]
[DEBUG][video.go:51] 2023/10/17 10:40:24 [2023-10-17 10:31:57 +0800 CST 上一次时间]
[DEBUG][video.go:51] 2023/10/17 11:12:36 [2023-10-17 11:12:36.113791206 +0800 CST m=+9.256742566 上一次时间]
[DEBUG][like.go:60] 2023/10/17 11:12:36 [likeList []]
[DEBUG][video.go:51] 2023/10/17 11:12:36 [2023-10-17 10:31:57 +0800 CST 上一次时间]
[DEBUG][video.go:51] 2023/10/17 11:12:38 [2023-10-17 10:31:57 +0800 CST 上一次时间]
[DEBUG][like.go:60] 2023/10/17 11:12:38 [likeList []]
[DEBUG][video.go:51] 2023/10/17 11:12:38 [2023-10-17 10:31:57 +0800 CST 上一次时间]
[DEBUG][like.go:60] 2023/10/17 11:12:39 [likeList []]
[DEBUG][video.go:111] 2023/10/17 11:12:56 [public/39b9e230-6faf-410e-a9dd-2f72799fd051-2023-10-17 11:12:54.462844282 +0800 CST m=+27.605795656CMP_cover.jpg]
[DEBUG][video.go:111] 2023/10/17 11:13:04 [public/7fbe8650-d0b7-4b0a-a6e6-5d38387636f1-2023-10-17 11:13:02.547523491 +0800 CST m=+35.690474861CMP_cover.jpg]
[DEBUG][like.go:60] 2023/10/17 11:13:05 [likeList []]
[DEBUG][video.go:51] 2023/10/17 11:13:07 [2023-10-17 10:31:57 +0800 CST 上一次时间]
[DEBUG][like.go:60] 2023/10/17 11:13:07 [likeList []]
[DEBUG][video.go:51] 2023/10/17 11:13:08 [2023-10-17 10:31:57 +0800 CST 上一次时间]
